<?xml version="1.0" encoding="UTF-8"?>
<!-- Generated by org.testng.reporters.JUnitXMLReporter -->
<testsuite hostname="anamuls-mbp.lan" ignored="1" name="printmethod1" tests="1" failures="1" timestamp="02 Dec 2018 16:49:04 GMT" time="0.021" errors="0">
  <testcase name="printmethod1" time="0.0" classname="com.testng.BaseTest">
    <failure type="org.testng.TestNGException" message="
Cannot inject @Test annotated Method [printmethod1] with [class java.lang.String, class java.lang.String].
For more information on native dependency injection please refer to http://testng.org/doc/documentation-main.html#native-dependency-injection">
      <![CDATA[org.testng.TestNGException: 
Cannot inject @Test annotated Method [printmethod1] with [class java.lang.String, class java.lang.String].
For more information on native dependency injection please refer to http://testng.org/doc/documentation-main.html#native-dependency-injection
... Removed 24 stack frames]]>
    </failure>
  </testcase> <!-- printmethod1 -->
  <testcase name="printmethod2" time="0.0" classname="com.testng.BaseTest">
    <ignored/>
  </testcase> <!-- printmethod2 -->
</testsuite> <!-- printmethod1 -->
